<?xml version="1.0" encoding="UTF-8"?>
<!-- Generated by org.testng.reporters.JUnitReportReporter -->
<testsuite skipped="0" hostname="Mirals-Air.ht.home" name="Testcases.Demo" tests="5" failures="0" timestamp="2023-06-05T11:52:38 EDT" time="18.136" errors="0">
  <testcase name="validatePageTitle_005" time="0.125" classname="Testcases.Demo"/>
  <system-out/>
  <testcase name="scrollToLeranAndCurriculum_003" time="2.044" classname="Testcases.Demo"/>
  <system-out/>
  <testcase name="verifyWebsiteTitle_001" time="0.036" classname="Testcases.Demo"/>
  <system-out/>
  <testcase name="verifyClickOnCard_004" time="15.816" classname="Testcases.Demo"/>
  <system-out/>
  <testcase name="testElementryDropDown_002" time="0.115" classname="Testcases.Demo"/>
  <system-out/>
</testsuite> <!-- Testcases.Demo -->
