<?xml version="1.0" encoding="UTF-8"?>
<!-- Generated by org.testng.reporters.JUnitReportReporter -->
<testsuite skipped="0" hostname="Mirals-Air.ht.home" name="Testcases.CardTest" tests="2" failures="0" timestamp="2023-06-05T11:53:26 EDT" time="12.186" errors="0">
  <testcase name="getAllLinks_007" time="9.928" classname="Testcases.CardTest"/>
  <system-out/>
  <testcase name="clickOnpowerPathway_006" time="2.258" classname="Testcases.CardTest"/>
  <system-out/>
</testsuite> <!-- Testcases.CardTest -->
